#! /usr/local/bin/vvp
:ivl_version "12.0 (devel)" "(s20150603-955-gd6e01d0c)";
:ivl_delay_selection "TYPICAL";
:vpi_time_precision + 0;
:vpi_module "/usr/local/lib/ivl/system.vpi";
:vpi_module "/usr/local/lib/ivl/vhdl_sys.vpi";
:vpi_module "/usr/local/lib/ivl/vhdl_textio.vpi";
:vpi_module "/usr/local/lib/ivl/v2005_math.vpi";
:vpi_module "/usr/local/lib/ivl/va_math.vpi";
:vpi_module "/usr/local/lib/ivl/v2009.vpi";
S_0x55e1a1127dd0 .scope package, "$unit" "$unit" 2 1;
 .timescale 0 0;
S_0x55e1a1127f60 .scope module, "mips_memory" "mips_memory" 3 1;
 .timescale 0 0;
    .port_info 0 /INPUT 1 "clk";
    .port_info 1 /INPUT 1 "active";
    .port_info 2 /INPUT 32 "address";
    .port_info 3 /INPUT 1 "wr_en";
    .port_info 4 /INPUT 1 "read_en";
    .port_info 5 /INPUT 4 "byte_en";
    .port_info 6 /INPUT 1 "waitrequest";
    .port_info 7 /INPUT 32 "data_in";
    .port_info 8 /OUTPUT 32 "data_out";
P_0x55e1a11280f0 .param/str "DATA_INIT_FILE" 0 3 14, "./test/data_binary/initial_data.hex.txt";
P_0x55e1a1128130 .param/str "RAM_INIT_FILE" 0 3 13, "\000";
L_0x7f83675c7018 .functor BUFT 1, C4<10111100111100000000000000000000>, C4<0>, C4<0>, C4<0>;
v0x55e1a1154990_0 .net/2u *"_ivl_0", 31 0, L_0x7f83675c7018;  1 drivers
v0x55e1a1154c50_0 .net *"_ivl_14", 0 0, L_0x55e1a11968b0;  1 drivers
v0x55e1a1185710_0 .net *"_ivl_2", 0 0, L_0x55e1a1196490;  1 drivers
L_0x7f83675c7060 .functor BUFT 1, C4<01000000010000000000010000000000>, C4<0>, C4<0>, C4<0>;
v0x55e1a11857b0_0 .net/2u *"_ivl_4", 31 0, L_0x7f83675c7060;  1 drivers
v0x55e1a1185890_0 .net *"_ivl_6", 31 0, L_0x55e1a1196590;  1 drivers
o0x7f8367610198 .functor BUFZ 1, C4<z>; HiZ drive
v0x55e1a11859c0_0 .net "active", 0 0, o0x7f8367610198;  0 drivers
o0x7f83676101c8 .functor BUFZ 32, C4<zzzzzzzzzzzzzzzzzzzzzzzzzzzzzzzz>; HiZ drive
v0x55e1a1185a80_0 .net "address", 31 0, o0x7f83676101c8;  0 drivers
o0x7f83676101f8 .functor BUFZ 4, C4<zzzz>; HiZ drive
v0x55e1a1185b60_0 .net "byte_en", 3 0, o0x7f83676101f8;  0 drivers
o0x7f8367610228 .functor BUFZ 1, C4<z>; HiZ drive
v0x55e1a1185c40_0 .net "clk", 0 0, o0x7f8367610228;  0 drivers
o0x7f8367610258 .functor BUFZ 32, C4<zzzzzzzzzzzzzzzzzzzzzzzzzzzzzzzz>; HiZ drive
v0x55e1a1185d90_0 .net "data_in", 31 0, o0x7f8367610258;  0 drivers
v0x55e1a1185e70_0 .var "data_out", 31 0;
v0x55e1a1185f50 .array "memory", 0 4095, 7 0;
o0x7f83676102b8 .functor BUFZ 1, C4<z>; HiZ drive
v0x55e1a1186010_0 .net "read_en", 0 0, o0x7f83676102b8;  0 drivers
v0x55e1a11860d0_0 .net "simp_address", 31 0, L_0x55e1a1196770;  1 drivers
o0x7f8367610318 .functor BUFZ 1, C4<z>; HiZ drive
v0x55e1a11861b0_0 .net "waitrequest", 0 0, o0x7f8367610318;  0 drivers
o0x7f8367610348 .functor BUFZ 1, C4<z>; HiZ drive
v0x55e1a1186270_0 .net "wr_en", 0 0, o0x7f8367610348;  0 drivers
E_0x55e1a1160ce0 .event edge, L_0x55e1a11968b0;
E_0x55e1a11620b0 .event posedge, v0x55e1a1185c40_0;
L_0x55e1a1196490 .cmp/gt 32, L_0x7f83675c7018, o0x7f83676101c8;
L_0x55e1a1196590 .arith/sum 32, o0x7f83676101c8, L_0x7f83675c7060;
L_0x55e1a1196770 .functor MUXZ 32, L_0x55e1a1196590, o0x7f83676101c8, L_0x55e1a1196490, C4<>;
L_0x55e1a11968b0 .reduce/nor o0x7f8367610198;
S_0x55e1a11561b0 .scope begin, "$unm_blk_1" "$unm_blk_1" 3 21, 3 21 0, S_0x55e1a1127f60;
 .timescale 0 0;
v0x55e1a1154b10_0 .var/i "i", 31 0;
S_0x55e1a1185410 .scope begin, "$unm_blk_15" "$unm_blk_15" 3 71, 3 71 0, S_0x55e1a1127f60;
 .timescale 0 0;
v0x55e1a1154cf0_0 .var/i "i", 31 0;
v0x55e1a1154a30_0 .var/i "j", 31 0;
    .scope S_0x55e1a1127f60;
T_0 ;
    %fork t_1, S_0x55e1a11561b0;
    %jmp t_0;
    .scope S_0x55e1a11561b0;
t_1 ;
    %pushi/vec4 0, 0, 32;
    %store/vec4 v0x55e1a1154b10_0, 0, 32;
T_0.0 ;
    %load/vec4 v0x55e1a1154b10_0;
    %cmpi/s 4096, 0, 32;
    %jmp/0xz T_0.1, 5;
    %pushi/vec4 0, 0, 8;
    %ix/getv/s 4, v0x55e1a1154b10_0;
    %store/vec4a v0x55e1a1185f50, 4, 0;
    ; show_stmt_assign_vector: Get l-value for compressed += operand
    %load/vec4 v0x55e1a1154b10_0;
    %pushi/vec4 1, 0, 32;
    %add;
    %store/vec4 v0x55e1a1154b10_0, 0, 32;
    %jmp T_0.0;
T_0.1 ;
    %end;
    .scope S_0x55e1a1127f60;
t_0 %join;
    %end;
    .thread T_0;
    .scope S_0x55e1a1127f60;
T_1 ;
    %wait E_0x55e1a11620b0;
    %load/vec4 v0x55e1a1186270_0;
    %load/vec4 v0x55e1a11861b0_0;
    %nor/r;
    %and;
    %flag_set/vec4 8;
    %jmp/0xz  T_1.0, 8;
    %load/vec4 v0x55e1a1185b60_0;
    %parti/s 1, 0, 2;
    %pad/u 32;
    %cmpi/e 1, 0, 32;
    %jmp/0xz  T_1.2, 4;
    %load/vec4 v0x55e1a1185d90_0;
    %parti/s 8, 0, 2;
    %ix/getv 3, v0x55e1a11860d0_0;
    %ix/load 4, 0, 0; Constant delay
    %assign/vec4/a/d v0x55e1a1185f50, 0, 4;
T_1.2 ;
    %load/vec4 v0x55e1a1185b60_0;
    %parti/s 1, 1, 2;
    %pad/u 32;
    %cmpi/e 1, 0, 32;
    %jmp/0xz  T_1.4, 4;
    %load/vec4 v0x55e1a1185d90_0;
    %parti/s 8, 8, 5;
    %load/vec4 v0x55e1a11860d0_0;
    %pad/u 33;
    %addi 1, 0, 33;
    %ix/vec4 3;
    %ix/load 4, 0, 0; Constant delay
    %assign/vec4/a/d v0x55e1a1185f50, 0, 4;
T_1.4 ;
    %load/vec4 v0x55e1a1185b60_0;
    %parti/s 1, 2, 3;
    %pad/u 32;
    %cmpi/e 1, 0, 32;
    %jmp/0xz  T_1.6, 4;
    %load/vec4 v0x55e1a1185d90_0;
    %parti/s 8, 16, 6;
    %load/vec4 v0x55e1a11860d0_0;
    %pad/u 33;
    %addi 2, 0, 33;
    %ix/vec4 3;
    %ix/load 4, 0, 0; Constant delay
    %assign/vec4/a/d v0x55e1a1185f50, 0, 4;
T_1.6 ;
    %load/vec4 v0x55e1a1185b60_0;
    %parti/s 1, 3, 3;
    %pad/u 32;
    %cmpi/e 1, 0, 32;
    %jmp/0xz  T_1.8, 6;
    %load/vec4 v0x55e1a1185d90_0;
    %parti/s 8, 24, 6;
    %load/vec4 v0x55e1a11860d0_0;
    %pad/u 33;
    %addi 3, 0, 33;
    %ix/vec4 3;
    %ix/load 4, 0, 0; Constant delay
    %assign/vec4/a/d v0x55e1a1185f50, 0, 4;
T_1.8 ;
T_1.0 ;
    %load/vec4 v0x55e1a1186010_0;
    %load/vec4 v0x55e1a11861b0_0;
    %nor/r;
    %and;
    %flag_set/vec4 8;
    %jmp/0xz  T_1.10, 8;
    %load/vec4 v0x55e1a11860d0_0;
    %pad/u 33;
    %addi 3, 0, 33;
    %ix/vec4 4;
    %load/vec4a v0x55e1a1185f50, 4;
    %load/vec4 v0x55e1a11860d0_0;
    %pad/u 33;
    %addi 2, 0, 33;
    %ix/vec4 4;
    %load/vec4a v0x55e1a1185f50, 4;
    %concat/vec4; draw_concat_vec4
    %load/vec4 v0x55e1a11860d0_0;
    %pad/u 33;
    %addi 1, 0, 33;
    %ix/vec4 4;
    %load/vec4a v0x55e1a1185f50, 4;
    %concat/vec4; draw_concat_vec4
    %ix/getv 4, v0x55e1a11860d0_0;
    %load/vec4a v0x55e1a1185f50, 4;
    %concat/vec4; draw_concat_vec4
    %assign/vec4 v0x55e1a1185e70_0, 0;
T_1.10 ;
    %jmp T_1;
    .thread T_1;
    .scope S_0x55e1a1127f60;
T_2 ;
    %wait E_0x55e1a1160ce0;
    %fork t_3, S_0x55e1a1185410;
    %jmp t_2;
    .scope S_0x55e1a1185410;
t_3 ;
    %vpi_call/w 3 74 "$display", "----------" {0 0 0};
    %pushi/vec4 0, 0, 32;
    %store/vec4 v0x55e1a1154cf0_0, 0, 32;
T_2.0 ;
    %load/vec4 v0x55e1a1154cf0_0;
    %cmpi/s 1024, 0, 32;
    %jmp/0xz T_2.1, 5;
    %ix/getv/s 4, v0x55e1a1154cf0_0;
    %load/vec4a v0x55e1a1185f50, 4;
    %pad/u 32;
    %cmpi/ne 0, 0, 32;
    %jmp/0xz  T_2.2, 4;
    %vpi_call/w 3 77 "$display", "FINAL MEMORY : %h: %h", v0x55e1a1154cf0_0, &A<v0x55e1a1185f50, v0x55e1a1154cf0_0 > {0 0 0};
T_2.2 ;
    ; show_stmt_assign_vector: Get l-value for compressed += operand
    %load/vec4 v0x55e1a1154cf0_0;
    %pushi/vec4 1, 0, 32;
    %add;
    %store/vec4 v0x55e1a1154cf0_0, 0, 32;
    %jmp T_2.0;
T_2.1 ;
    %pushi/vec4 1024, 0, 32;
    %store/vec4 v0x55e1a1154a30_0, 0, 32;
T_2.4 ;
    %load/vec4 v0x55e1a1154a30_0;
    %cmpi/s 2048, 0, 32;
    %jmp/0xz T_2.5, 5;
    %ix/getv/s 4, v0x55e1a1154a30_0;
    %load/vec4a v0x55e1a1185f50, 4;
    %pad/u 32;
    %cmpi/ne 0, 0, 32;
    %jmp/0xz  T_2.6, 4;
    %load/vec4 v0x55e1a1154a30_0;
    %pad/s 35;
    %pushi/vec4 3892838528, 0, 32;
    %concati/vec4 0, 0, 3;
    %sub;
    %vpi_call/w 3 83 "$display", "FINAL MEMORY : %0h: %h", S<0,vec4,s35>, &A<v0x55e1a1185f50, v0x55e1a1154a30_0 > {1 0 0};
T_2.6 ;
    ; show_stmt_assign_vector: Get l-value for compressed += operand
    %load/vec4 v0x55e1a1154a30_0;
    %pushi/vec4 1, 0, 32;
    %add;
    %store/vec4 v0x55e1a1154a30_0, 0, 32;
    %jmp T_2.4;
T_2.5 ;
    %vpi_call/w 3 86 "$display", "----------" {0 0 0};
    %end;
    .scope S_0x55e1a1127f60;
t_2 %join;
    %jmp T_2;
    .thread T_2, $push;
# The file index is used to find the file name in the following table.
:file_names 4;
    "N/A";
    "<interactive>";
    "-";
    "./test/test_bench/memory_block.v";
