#! /usr/local/bin/vvp
:ivl_version "12.0 (devel)" "(s20150603-955-gd6e01d0c)";
:ivl_delay_selection "TYPICAL";
:vpi_time_precision + 0;
:vpi_module "/usr/local/lib/ivl/system.vpi";
:vpi_module "/usr/local/lib/ivl/vhdl_sys.vpi";
:vpi_module "/usr/local/lib/ivl/vhdl_textio.vpi";
:vpi_module "/usr/local/lib/ivl/v2005_math.vpi";
:vpi_module "/usr/local/lib/ivl/va_math.vpi";
:vpi_module "/usr/local/lib/ivl/v2009.vpi";
S_0x559fe78d48d0 .scope package, "$unit" "$unit" 2 1;
 .timescale 0 0;
S_0x559fe78d4a60 .scope module, "mips_memory" "mips_memory" 3 1;
 .timescale 0 0;
    .port_info 0 /INPUT 1 "clk";
    .port_info 1 /INPUT 32 "address";
    .port_info 2 /INPUT 1 "wr_en";
    .port_info 3 /INPUT 1 "read_en";
    .port_info 4 /INPUT 4 "byte_en";
    .port_info 5 /INPUT 32 "data_in";
    .port_info 6 /INPUT 1 "active";
    .port_info 7 /OUTPUT 32 "data_out";
P_0x559fe78e4310 .param/str "RAM_INIT_FILE" 0 3 12, "\000";
o0x7f9fa6fdf078 .functor BUFZ 1, C4<z>; HiZ drive
v0x559fe78fed00_0 .net "active", 0 0, o0x7f9fa6fdf078;  0 drivers
o0x7f9fa6fdf0a8 .functor BUFZ 32, C4<zzzzzzzzzzzzzzzzzzzzzzzzzzzzzzzz>; HiZ drive
v0x559fe78fede0_0 .net "address", 31 0, o0x7f9fa6fdf0a8;  0 drivers
o0x7f9fa6fdf0d8 .functor BUFZ 4, C4<zzzz>; HiZ drive
v0x559fe78feec0_0 .net "byte_en", 3 0, o0x7f9fa6fdf0d8;  0 drivers
o0x7f9fa6fdf108 .functor BUFZ 1, C4<z>; HiZ drive
v0x559fe78fef80_0 .net "clk", 0 0, o0x7f9fa6fdf108;  0 drivers
o0x7f9fa6fdf138 .functor BUFZ 32, C4<zzzzzzzzzzzzzzzzzzzzzzzzzzzzzzzz>; HiZ drive
v0x559fe78ff040_0 .net "data_in", 31 0, o0x7f9fa6fdf138;  0 drivers
v0x559fe78ff170_0 .var "data_out", 31 0;
v0x559fe78ff250 .array "memory", 0 1073741825, 7 0;
o0x7f9fa6fdf198 .functor BUFZ 1, C4<z>; HiZ drive
v0x559fe78ff310_0 .net "read_en", 0 0, o0x7f9fa6fdf198;  0 drivers
o0x7f9fa6fdf1c8 .functor BUFZ 1, C4<z>; HiZ drive
v0x559fe78ff3d0_0 .net "wr_en", 0 0, o0x7f9fa6fdf1c8;  0 drivers
E_0x559fe78e3300 .event posedge, v0x559fe78fef80_0;
S_0x559fe78d4cb0 .scope begin, "$unm_blk_1" "$unm_blk_1" 3 16, 3 16 0, S_0x559fe78d4a60;
 .timescale 0 0;
v0x559fe78bd5d0_0 .var/i "i", 31 0;
S_0x559fe78fea20 .scope begin, "$unm_blk_12" "$unm_blk_12" 3 50, 3 50 0, S_0x559fe78d4a60;
 .timescale 0 0;
v0x559fe78fec20_0 .var/i "i", 31 0;
    .scope S_0x559fe78d4a60;
T_0 ;
    %fork t_1, S_0x559fe78d4cb0;
    %jmp t_0;
    .scope S_0x559fe78d4cb0;
t_1 ;
    %pushi/vec4 0, 0, 32;
    %store/vec4 v0x559fe78bd5d0_0, 0, 32;
T_0.0 ;
    %load/vec4 v0x559fe78bd5d0_0;
    %cmpi/s 1073741825, 0, 32;
    %jmp/0xz T_0.1, 5;
    %pushi/vec4 0, 0, 8;
    %ix/getv/s 4, v0x559fe78bd5d0_0;
    %store/vec4a v0x559fe78ff250, 4, 0;
    ; show_stmt_assign_vector: Get l-value for compressed += operand
    %load/vec4 v0x559fe78bd5d0_0;
    %pushi/vec4 1, 0, 32;
    %add;
    %store/vec4 v0x559fe78bd5d0_0, 0, 32;
    %jmp T_0.0;
T_0.1 ;
    %end;
    .scope S_0x559fe78d4a60;
t_0 %join;
    %end;
    .thread T_0;
    .scope S_0x559fe78d4a60;
T_1 ;
    %wait E_0x559fe78e3300;
    %load/vec4 v0x559fe78ff3d0_0;
    %flag_set/vec4 8;
    %jmp/0xz  T_1.0, 8;
    %load/vec4 v0x559fe78feec0_0;
    %parti/s 1, 0, 2;
    %flag_set/vec4 8;
    %jmp/0xz  T_1.2, 8;
    %load/vec4 v0x559fe78ff040_0;
    %parti/s 8, 0, 2;
    %ix/getv 3, v0x559fe78fede0_0;
    %ix/load 4, 0, 0; Constant delay
    %assign/vec4/a/d v0x559fe78ff250, 0, 4;
T_1.2 ;
    %load/vec4 v0x559fe78feec0_0;
    %parti/s 1, 1, 2;
    %flag_set/vec4 8;
    %jmp/0xz  T_1.4, 8;
    %load/vec4 v0x559fe78ff040_0;
    %parti/s 8, 8, 5;
    %load/vec4 v0x559fe78fede0_0;
    %pad/u 33;
    %addi 1, 0, 33;
    %ix/vec4 3;
    %ix/load 4, 0, 0; Constant delay
    %assign/vec4/a/d v0x559fe78ff250, 0, 4;
T_1.4 ;
    %load/vec4 v0x559fe78feec0_0;
    %parti/s 1, 0, 2;
    %flag_set/vec4 8;
    %jmp/0xz  T_1.6, 8;
    %load/vec4 v0x559fe78ff040_0;
    %parti/s 8, 16, 6;
    %load/vec4 v0x559fe78fede0_0;
    %pad/u 33;
    %addi 2, 0, 33;
    %ix/vec4 3;
    %ix/load 4, 0, 0; Constant delay
    %assign/vec4/a/d v0x559fe78ff250, 0, 4;
T_1.6 ;
    %load/vec4 v0x559fe78feec0_0;
    %parti/s 1, 0, 2;
    %flag_set/vec4 8;
    %jmp/0xz  T_1.8, 8;
    %load/vec4 v0x559fe78ff040_0;
    %parti/s 9, 23, 6;
    %pad/u 8;
    %load/vec4 v0x559fe78fede0_0;
    %pad/u 33;
    %addi 3, 0, 33;
    %ix/vec4 3;
    %ix/load 4, 0, 0; Constant delay
    %assign/vec4/a/d v0x559fe78ff250, 0, 4;
T_1.8 ;
T_1.0 ;
    %load/vec4 v0x559fe78ff310_0;
    %flag_set/vec4 8;
    %jmp/0xz  T_1.10, 8;
    %ix/getv 4, v0x559fe78fede0_0;
    %load/vec4a v0x559fe78ff250, 4;
    %load/vec4 v0x559fe78fede0_0;
    %pad/u 33;
    %addi 1, 0, 33;
    %ix/vec4 4;
    %load/vec4a v0x559fe78ff250, 4;
    %concat/vec4; draw_concat_vec4
    %load/vec4 v0x559fe78fede0_0;
    %pad/u 33;
    %addi 2, 0, 33;
    %ix/vec4 4;
    %load/vec4a v0x559fe78ff250, 4;
    %concat/vec4; draw_concat_vec4
    %load/vec4 v0x559fe78fede0_0;
    %pad/u 33;
    %addi 3, 0, 33;
    %ix/vec4 4;
    %load/vec4a v0x559fe78ff250, 4;
    %concat/vec4; draw_concat_vec4
    %assign/vec4 v0x559fe78ff170_0, 0;
T_1.10 ;
    %jmp T_1;
    .thread T_1;
    .scope S_0x559fe78d4a60;
T_2 ;
    %wait E_0x559fe78e3300;
    %load/vec4 v0x559fe78fed00_0;
    %cmpi/e 0, 0, 1;
    %jmp/0xz  T_2.0, 4;
    %fork t_3, S_0x559fe78fea20;
    %jmp t_2;
    .scope S_0x559fe78fea20;
t_3 ;
    %pushi/vec4 0, 0, 32;
    %store/vec4 v0x559fe78fec20_0, 0, 32;
T_2.2 ;
    %load/vec4 v0x559fe78fec20_0;
    %cmpi/s 1073741824, 0, 32;
    %jmp/0xz T_2.3, 5;
    %ix/getv/s 4, v0x559fe78fec20_0;
    %load/vec4a v0x559fe78ff250, 4;
    %pad/u 32;
    %cmpi/ne 0, 0, 32;
    %jmp/0xz  T_2.4, 4;
    %vpi_call/w 3 54 "$display", "RAM : INIT : Loading RAM contents from %s", P_0x559fe78e4310 {0 0 0};
T_2.4 ;
    ; show_stmt_assign_vector: Get l-value for compressed += operand
    %load/vec4 v0x559fe78fec20_0;
    %pushi/vec4 1, 0, 32;
    %add;
    %store/vec4 v0x559fe78fec20_0, 0, 32;
    %jmp T_2.2;
T_2.3 ;
    %end;
    .scope S_0x559fe78d4a60;
t_2 %join;
T_2.0 ;
    %jmp T_2;
    .thread T_2;
# The file index is used to find the file name in the following table.
:file_names 4;
    "N/A";
    "<interactive>";
    "-";
    "memoy_block2.v";
